This is pdfTeX, Version 3.14159265-2.6-1.40.15 (TeX Live 2015/dev/Debian) (preloaded format=latex 2015.2.7)  15 MAR 2015 11:35
entering extended mode
 \write18 enabled.
 %&-line parsing enabled.
**manual.tex
(./manual.tex
LaTeX2e <2014/05/01>
Babel <3.9l> and hyphenation patterns for 11 languages loaded.
(/usr/share/texlive/texmf-dist/tex/latex/koma-script/scrbook.cls
Document Class: scrbook 2013/12/19 v3.12 KOMA-Script document class (book)
(/usr/share/texlive/texmf-dist/tex/latex/koma-script/scrkbase.sty
Package: scrkbase 2013/12/19 v3.12 KOMA-Script package (KOMA-Script-dependent b
asics and keyval usage)

(/usr/share/texlive/texmf-dist/tex/latex/koma-script/scrbase.sty
Package: scrbase 2013/12/19 v3.12 KOMA-Script package (KOMA-Script-independent 
basics and keyval usage)

(/usr/share/texlive/texmf-dist/tex/latex/graphics/keyval.sty
Package: keyval 2014/05/08 v1.15 key=value parser (DPC)
\KV@toks@=\toks14
)
(/usr/share/texlive/texmf-dist/tex/latex/koma-script/scrlfile.sty
Package: scrlfile 2013/12/19 v3.12 KOMA-Script package (loading files)

Package scrlfile, 2013/12/19 v3.12 KOMA-Script package (loading files)
                  Copyright (C) Markus Kohm

))) (/usr/share/texlive/texmf-dist/tex/latex/koma-script/tocbasic.sty
Package: tocbasic 2013/12/19 v3.12 KOMA-Script package (handling toc-files)
)
Package tocbasic Info: omitting babel extension for `toc'
(tocbasic)             because of feature `nobabel' available
(tocbasic)             for `toc' on input line 117.
Package tocbasic Info: omitting babel extension for `lof'
(tocbasic)             because of feature `nobabel' available
(tocbasic)             for `lof' on input line 118.
Package tocbasic Info: omitting babel extension for `lot'
(tocbasic)             because of feature `nobabel' available
(tocbasic)             for `lot' on input line 119.
Package tocbasic Info: defining new hook before heading of `' on input line 111
8.
Package scrbook Info: You've used standard option `10pt'.
(scrbook)             This is correct!
(scrbook)             Internally I'm using `fontsize=10pt'.
(scrbook)             If you'd like to set the option with \KOMAoptions,
(scrbook)             you'd have to use `fontsize=10pt' there
(scrbook)             instead of `10pt', too.
Class scrbook Info: File `scrsize10pt.clo' used to setup font sizes on input li
ne 1655.

(/usr/share/texlive/texmf-dist/tex/latex/koma-script/scrsize10pt.clo
File: scrsize10pt.clo 2013/12/19 v3.12 KOMA-Script font size class option (10pt
)
)
(/usr/share/texlive/texmf-dist/tex/latex/koma-script/typearea.sty
Package: typearea 2013/12/19 v3.12 KOMA-Script package (type area)

Package typearea, 2013/12/19 v3.12 KOMA-Script package (type area)
                  Copyright (C) Frank Neukam, 1992-1994
                  Copyright (C) Markus Kohm, 1994-

\ta@bcor=\skip41
\ta@div=\count79
\ta@hblk=\skip42
\ta@vblk=\skip43
\ta@temp=\skip44
\footheight=\skip45
Package typearea Info: These are the values describing the layout:
(typearea)             DIV  = 8
(typearea)             BCOR = 0.0pt
(typearea)             \paperwidth      = 597.50793pt
(typearea)              \textwidth      = 373.44246pt
(typearea)              DIV departure   = -4%
(typearea)              \evensidemargin = 77.107pt
(typearea)              \oddsidemargin  = 2.4185pt
(typearea)             \paperheight     = 845.04694pt
(typearea)              \textheight     = 538.0pt
(typearea)              \topmargin      = 0.36087pt
(typearea)              \headheight     = 15.0pt
(typearea)              \headsep        = 18.0pt
(typearea)              \topskip        = 10.0pt
(typearea)              \footskip       = 42.0pt
(typearea)              \baselineskip   = 12.0pt
(typearea)              on input line 1330.
)
\c@part=\count80
\c@chapter=\count81
\c@section=\count82
\c@subsection=\count83
\c@subsubsection=\count84
\c@paragraph=\count85
\c@subparagraph=\count86
\abovecaptionskip=\skip46
\belowcaptionskip=\skip47
\c@pti@nb@sid@b@x=\box26
\c@figure=\count87
\c@table=\count88
\bibindent=\dimen102
) (/usr/share/texlive/texmf-dist/tex/latex/psnfss/courier.sty
Package: courier 2005/04/12 PSNFSS-v9.2a (WaS) 
)
(/usr/share/texlive/texmf-dist/tex/latex/base/fontenc.sty
Package: fontenc 2005/09/27 v1.99g Standard LaTeX package

(/usr/share/texlive/texmf-dist/tex/latex/cyrillic/t2aenc.def
File: t2aenc.def 2005/09/27 v1.0i Cyrillic encoding definition file
)
LaTeX Font Info:    Try loading font information for T2A+cmr on input line 100.


(/usr/share/texlive/texmf-dist/tex/latex/cyrillic/t2acmr.fd
File: t2acmr.fd 2001/08/11 v1.0a Computer Modern Cyrillic font definitions
))
(/usr/share/texlive/texmf-dist/tex/latex/base/inputenc.sty
Package: inputenc 2014/04/30 v1.2b Input encoding file
\inpenc@prehook=\toks15
\inpenc@posthook=\toks16

(/usr/share/texlive/texmf-dist/tex/latex/ucs/utf8x.def
File: utf8x.def 2004/10/17 UCS: Input encoding UTF-8
))
(/usr/share/texlive/texmf-dist/tex/latex/ucs/ucs.sty
Package: ucs 2013/05/11 v2.2 UCS: Unicode input support

(/usr/share/texlive/texmf-dist/tex/latex/ucs/data/uni-global.def
File: uni-global.def 2013/05/13 UCS: Unicode global data
)
\uc@secondtry=\count89
\uc@combtoks=\toks17
\uc@combtoksb=\toks18
\uc@temptokena=\toks19
)
(/usr/share/texlive/texmf-dist/tex/latex/geometry/geometry.sty
Package: geometry 2010/09/12 v5.6 Page Geometry

(/usr/share/texlive/texmf-dist/tex/generic/oberdiek/ifpdf.sty
Package: ifpdf 2011/01/30 v2.3 Provides the ifpdf switch (HO)
Package ifpdf Info: pdfTeX in PDF mode is not detected.
)
(/usr/share/texlive/texmf-dist/tex/generic/oberdiek/ifvtex.sty
Package: ifvtex 2010/03/01 v1.5 Detect VTeX and its facilities (HO)
Package ifvtex Info: VTeX not detected.
)
(/usr/share/texlive/texmf-dist/tex/generic/ifxetex/ifxetex.sty
Package: ifxetex 2010/09/12 v0.6 Provides ifxetex conditional
)
\Gm@cnth=\count90
\Gm@cntv=\count91
\c@Gm@tempcnt=\count92
\Gm@bindingoffset=\dimen103
\Gm@wd@mp=\dimen104
\Gm@odd@mp=\dimen105
\Gm@even@mp=\dimen106
\Gm@layoutwidth=\dimen107
\Gm@layoutheight=\dimen108
\Gm@layouthoffset=\dimen109
\Gm@layoutvoffset=\dimen110
\Gm@dimlist=\toks20
)
(/usr/share/texlive/texmf-dist/tex/latex/tools/verbatim.sty
Package: verbatim 2014/10/28 v1.5q LaTeX2e package for verbatim enhancements
\every@verbatim=\toks21
\verbatim@line=\toks22
\verbatim@in@stream=\read1
)
(/usr/share/texlive/texmf-dist/tex/latex/url/url.sty
\Urlmuskip=\muskip10
Package: url 2013/09/16  ver 3.4  Verb mode for urls, etc.
)
(/usr/share/texlive/texmf-dist/tex/latex/amsmath/amsmath.sty
Package: amsmath 2013/01/14 v2.14 AMS math features
\@mathmargin=\skip48

For additional information on amsmath, use the `?' option.
(/usr/share/texlive/texmf-dist/tex/latex/amsmath/amstext.sty
Package: amstext 2000/06/29 v2.01

(/usr/share/texlive/texmf-dist/tex/latex/amsmath/amsgen.sty
File: amsgen.sty 1999/11/30 v2.0
\@emptytoks=\toks23
\ex@=\dimen111
))
(/usr/share/texlive/texmf-dist/tex/latex/amsmath/amsbsy.sty
Package: amsbsy 1999/11/29 v1.2d
\pmbraise@=\dimen112
)
(/usr/share/texlive/texmf-dist/tex/latex/amsmath/amsopn.sty
Package: amsopn 1999/12/14 v2.01 operator names
)
\inf@bad=\count93
LaTeX Info: Redefining \frac on input line 210.
\uproot@=\count94
\leftroot@=\count95
LaTeX Info: Redefining \overline on input line 306.
\classnum@=\count96
\DOTSCASE@=\count97
LaTeX Info: Redefining \ldots on input line 378.
LaTeX Info: Redefining \dots on input line 381.
LaTeX Info: Redefining \cdots on input line 466.
\Mathstrutbox@=\box27
\strutbox@=\box28
\big@size=\dimen113
LaTeX Font Info:    Redeclaring font encoding OML on input line 566.
LaTeX Font Info:    Redeclaring font encoding OMS on input line 567.
\macc@depth=\count98
\c@MaxMatrixCols=\count99
\dotsspace@=\muskip11
\c@parentequation=\count100
\dspbrk@lvl=\count101
\tag@help=\toks24
\row@=\count102
\column@=\count103
\maxfields@=\count104
\andhelp@=\toks25
\eqnshift@=\dimen114
\alignsep@=\dimen115
\tagshift@=\dimen116
\tagwidth@=\dimen117
\totwidth@=\dimen118
\lineht@=\dimen119
\@envbody=\toks26
\multlinegap=\skip49
\multlinetaggap=\skip50
\mathdisplay@stack=\toks27
LaTeX Info: Redefining \[ on input line 2665.
LaTeX Info: Redefining \] on input line 2666.
)
(/usr/share/texlive/texmf-dist/tex/latex/amsfonts/amssymb.sty
Package: amssymb 2013/01/14 v3.01 AMS font symbols

(/usr/share/texlive/texmf-dist/tex/latex/amsfonts/amsfonts.sty
Package: amsfonts 2013/01/14 v3.01 Basic AMSFonts support
\symAMSa=\mathgroup4
\symAMSb=\mathgroup5
LaTeX Font Info:    Overwriting math alphabet `\mathfrak' in version `bold'
(Font)                  U/euf/m/n --> U/euf/b/n on input line 106.
))
(/usr/share/texlive/texmf-dist/tex/latex/base/makeidx.sty
Package: makeidx 2014/09/29 v1.0m Standard LaTeX package
)
\@indexfile=\write3
\openout3 = `manual.idx'.


Writing index file manual.idx
(/usr/share/texlive/texmf-dist/tex/latex/graphics/graphicx.sty
Package: graphicx 2014/04/25 v1.0g Enhanced LaTeX Graphics (DPC,SPQR)

(/usr/share/texlive/texmf-dist/tex/latex/graphics/graphics.sty
Package: graphics 2009/02/05 v1.0o Standard LaTeX Graphics (DPC,SPQR)

(/usr/share/texlive/texmf-dist/tex/latex/graphics/trig.sty
Package: trig 1999/03/16 v1.09 sin cos tan (DPC)
)
(/usr/share/texlive/texmf-dist/tex/latex/latexconfig/graphics.cfg
File: graphics.cfg 2010/04/23 v1.9 graphics configuration of TeX Live
)
Package graphics Info: Driver file: dvips.def on input line 91.

(/usr/share/texlive/texmf-dist/tex/latex/graphics/dvips.def
File: dvips.def 2014/04/23 v3.0j Driver-dependant file (DPC,SPQR)
))
\Gin@req@height=\dimen120
\Gin@req@width=\dimen121
)
(/usr/share/texlive/texmf-dist/tex/latex/esint/esint.sty
Package: esint 
\symlargesymbolsA=\mathgroup6
)
(/usr/share/texlive/texmf-dist/tex/latex/minted/minted.sty
Package: minted 2011/09/17 v1.7 Yet another Pygments shim for LaTeX

(/usr/share/texlive/texmf-dist/tex/latex/fancyvrb/fancyvrb.sty
Package: fancyvrb 2008/02/07

Style option: `fancyvrb' v2.7a, with DG/SPQR fixes, and firstline=lastline fix 
<2008/02/07> (tvz)
\FV@CodeLineNo=\count105
\FV@InFile=\read2
\FV@TabBox=\box29
\c@FancyVerbLine=\count106
\FV@StepNumber=\count107
\FV@OutFile=\write4
) (/usr/share/texlive/texmf-dist/tex/latex/xcolor/xcolor.sty
Package: xcolor 2007/01/21 v2.11 LaTeX color extensions (UK)

(/usr/share/texlive/texmf-dist/tex/latex/latexconfig/color.cfg
File: color.cfg 2007/01/18 v1.5 color configuration of teTeX/TeXLive
)
Package xcolor Info: Driver file: dvips.def on input line 225.
Package xcolor Info: Model `cmy' substituted by `cmy0' on input line 1337.
Package xcolor Info: Model `RGB' extended on input line 1353.
Package xcolor Info: Model `HTML' substituted by `rgb' on input line 1355.
Package xcolor Info: Model `Hsb' substituted by `hsb' on input line 1356.
Package xcolor Info: Model `tHsb' substituted by `hsb' on input line 1357.
Package xcolor Info: Model `HSB' substituted by `hsb' on input line 1358.
Package xcolor Info: Model `Gray' substituted by `gray' on input line 1359.
Package xcolor Info: Model `wave' substituted by `hsb' on input line 1360.
)
(/usr/share/texlive/texmf-dist/tex/latex/float/float.sty
Package: float 2001/11/08 v1.3d Float enhancements (AL)
\c@float@type=\count108
\float@exts=\toks28
\float@box=\box30
\@float@everytoks=\toks29
\@floatcapt=\box31
)
(/usr/share/texlive/texmf-dist/tex/latex/base/ifthen.sty
Package: ifthen 2014/09/29 v1.1c Standard LaTeX ifthen package (DPC)
)
(/usr/share/texlive/texmf-dist/tex/latex/tools/calc.sty
Package: calc 2014/10/28 v4.3 Infix arithmetic (KKT,FJ)
\calc@Acount=\count109
\calc@Bcount=\count110
\calc@Adimen=\dimen122
\calc@Bdimen=\dimen123
\calc@Askip=\skip51
\calc@Bskip=\skip52
LaTeX Info: Redefining \setlength on input line 75.
LaTeX Info: Redefining \addtolength on input line 76.
\calc@Ccount=\count111
\calc@Cskip=\skip53
)
(/usr/share/texlive/texmf-dist/tex/latex/ifplatform/ifplatform.sty
Package: ifplatform 2010/10/22 v0.4 Testing for the operating system

(/usr/share/texlive/texmf-dist/tex/generic/oberdiek/pdftexcmds.sty
Package: pdftexcmds 2011/11/29 v0.20 Utility functions of pdfTeX for LuaTeX (HO
)

(/usr/share/texlive/texmf-dist/tex/generic/oberdiek/infwarerr.sty
Package: infwarerr 2010/04/08 v1.3 Providing info/warning/error messages (HO)
)
(/usr/share/texlive/texmf-dist/tex/generic/oberdiek/ifluatex.sty
Package: ifluatex 2010/03/01 v1.3 Provides the ifluatex switch (HO)
Package ifluatex Info: LuaTeX not detected.
)
(/usr/share/texlive/texmf-dist/tex/generic/oberdiek/ltxcmds.sty
Package: ltxcmds 2011/11/09 v1.22 LaTeX kernel commands for general use (HO)
)
Package pdftexcmds Info: LuaTeX not detected.
Package pdftexcmds Info: \pdf@primitive is available.
Package pdftexcmds Info: \pdf@ifprimitive is available.
Package pdftexcmds Info: \pdfdraftmode is ignored in DVI mode.
)
(/usr/share/texlive/texmf-dist/tex/generic/oberdiek/catchfile.sty
Package: catchfile 2011/03/01 v1.6 Catch the contents of a file (HO)

(/usr/share/texlive/texmf-dist/tex/generic/oberdiek/etexcmds.sty
Package: etexcmds 2011/02/16 v1.5 Avoid name clashes with e-TeX commands (HO)
Package etexcmds Info: Could not find \expanded.
(etexcmds)             That can mean that you are not using pdfTeX 1.50 or
(etexcmds)             that some package has redefined \expanded.
(etexcmds)             In the latter case, load this package earlier.
))
runsystem(uname -s > "manual.w18")...executed.


(./manual.w18)
runsystem(rm -- "manual.w18")...executed.

)
\minted@bgbox=\box32
\minted@code=\write5
\@float@every@listing=\toks30
\c@listing=\count112
)
runsystem(which pygmentize && touch manual.aex)...executed.

runsystem(rm manual.aex)...executed.

 (/usr/share/texlive/texmf-dist/tex/generic/babel/babel.sty
Package: babel 2014/09/25 3.9l The Babel package

(/usr/share/texlive/texmf-dist/tex/generic/babel-russian/russianb.ldf
Language: russianb 2014/10/21 1.3f Russian support for the Babel system

(/usr/share/texlive/texmf-dist/tex/generic/babel/babel.def
File: babel.def 2014/09/25 3.9l Babel common definitions
\babel@savecnt=\count113
\U@D=\dimen124
)
Package babel Info: Making " an active character on input line 111.
))
(/usr/share/texlive/texmf-dist/tex/latex/listings/listings.sty
\lst@mode=\count114
\lst@gtempboxa=\box33
\lst@token=\toks31
\lst@length=\count115
\lst@currlwidth=\dimen125
\lst@column=\count116
\lst@pos=\count117
\lst@lostspace=\dimen126
\lst@width=\dimen127
\lst@newlines=\count118
\lst@lineno=\count119
\lst@maxwidth=\dimen128

(/usr/share/texlive/texmf-dist/tex/latex/listings/lstmisc.sty
File: lstmisc.sty 2014/09/06 1.5e (Carsten Heinz)
\c@lstnumber=\count120
\lst@skipnumbers=\count121
\lst@framebox=\box34
)
(/usr/share/texlive/texmf-dist/tex/latex/listings/listings.cfg
File: listings.cfg 2014/09/06 1.5e listings configuration
))
Package: listings 2014/09/06 1.5e (Carsten Heinz)
 (./manual.aux)
\openout1 = `manual.aux'.

LaTeX Font Info:    Checking defaults for OML/cmm/m/it on input line 82.
LaTeX Font Info:    ... okay on input line 82.
LaTeX Font Info:    Checking defaults for T1/cmr/m/n on input line 82.
LaTeX Font Info:    ... okay on input line 82.
LaTeX Font Info:    Checking defaults for OT1/cmr/m/n on input line 82.
LaTeX Font Info:    ... okay on input line 82.
LaTeX Font Info:    Checking defaults for OMS/cmsy/m/n on input line 82.
LaTeX Font Info:    ... okay on input line 82.
LaTeX Font Info:    Checking defaults for OMX/cmex/m/n on input line 82.
LaTeX Font Info:    ... okay on input line 82.
LaTeX Font Info:    Checking defaults for U/cmr/m/n on input line 82.
LaTeX Font Info:    ... okay on input line 82.
LaTeX Font Info:    Checking defaults for T2A/cmr/m/n on input line 82.
LaTeX Font Info:    ... okay on input line 82.
(/usr/share/texlive/texmf-dist/tex/latex/ucs/ucsencs.def
File: ucsencs.def 2011/01/21 Fixes to fontencodings LGR, T3
)
*geometry* driver: auto-detecting
*geometry* detected driver: dvips

Package geometry Warning: The marginal notes overrun the paper.
     Add 67.96733pt and more to the right margin.

*geometry* verbose mode - [ preamble ] result:
* driver: dvips
* paper: letterpaper
* layout: <same size as paper>
* layoutoffset:(h,v)=(0.0pt,0.0pt)
* modes: twoside 
* h-part:(L,W,R)=(56.9055pt, 500.484pt, 56.9055pt)
* v-part:(T,H,B)=(56.9055pt, 681.15898pt, 56.9055pt)
* \paperwidth=614.295pt
* \paperheight=794.96999pt
* \textwidth=500.484pt
* \textheight=681.15898pt
* \oddsidemargin=-15.36449pt
* \evensidemargin=-15.36449pt
* \topmargin=-48.36449pt
* \headheight=15.0pt
* \headsep=18.0pt
* \topskip=10.0pt
* \footskip=42.0pt
* \marginparwidth=112.03273pt
* \marginparsep=12.8401pt
* \columnsep=10.0pt
* \skip\footins=9.0pt plus 4.0pt minus 2.0pt
* \hoffset=0.0pt
* \voffset=0.0pt
* \mag=1000
* \@twocolumnfalse
* \@twosidetrue
* \@mparswitchtrue
* \@reversemarginfalse
* (1in=72.27pt=25.4mm, 1cm=28.453pt)

runsystem(pygmentize -S default -f latex > manual.pyg)...executed.

(./manual.pyg)
LaTeX Font Info:    Redeclaring font encoding T2A on input line 82.
\c@lstlisting=\count122
LaTeX Font Info:    Try loading font information for T2A+cmss on input line 91.

 (/usr/share/texlive/texmf-dist/tex/latex/cyrillic/t2acmss.fd
File: t2acmss.fd 2001/08/11 v1.0a Computer Modern Cyrillic font definitions
)
(/usr/share/texlive/texmf-dist/tex/latex/ucs/data/uni-4.def
File: uni-4.def 2013/05/13 UCS: Unicode data U+0400..U+04FF
)
LaTeX Font Info:    Try loading font information for U+msa on input line 91.

(/usr/share/texlive/texmf-dist/tex/latex/amsfonts/umsa.fd
File: umsa.fd 2013/01/14 v3.01 AMS symbols A
)
LaTeX Font Info:    Try loading font information for U+msb on input line 91.

(/usr/share/texlive/texmf-dist/tex/latex/amsfonts/umsb.fd
File: umsb.fd 2013/01/14 v3.01 AMS symbols B
)
LaTeX Font Info:    Try loading font information for U+esint on input line 91.

(/usr/share/texlive/texmf-dist/tex/latex/esint/uesint.fd
File: uesint.fd 
) [1



]
LaTeX Font Info:    Try loading font information for OMS+cmr on input line 93.

(/usr/share/texlive/texmf-dist/tex/latex/base/omscmr.fd
File: omscmr.fd 2014/09/29 v2.5h Standard LaTeX font definitions
)
LaTeX Font Info:    Font shape `OMS/cmr/m/n' in size <10> not available
(Font)              Font shape `OMS/cmsy/m/n' tried instead on input line 93.
 [2] (./manual.toc
[3


])
\tf@toc=\write6
\openout6 = `manual.toc'.

 [4] (./manual.lot)
\tf@lot=\write7
\openout7 = `manual.lot'.

 [5


] [6


]
{\cyrillictext \CYRG \cyrl \cyra \cyrv \cyra } 1.

Class scrbook Warning: \float@addtolists detected!
(scrbook)              Implementation of \float@addtolist became
(scrbook)              deprecated in KOMA-Script v3.01 2008/11/14 and
(scrbook)              has been replaced by more several more flexible
(scrbook)              features of package `tocbasic`.
(scrbook)              Since Version 3.12 support for deprecated
(scrbook)              \float@addtolist interface has been
(scrbook)              restricted to only some of the KOMA-Script
(scrbook)              features and been removed from others.
(scrbook)              Loading of package `scrhack' may help to
(scrbook)              avoid this warning, if you are using a
(scrbook)              a package that still implements the
(scrbook)              deprecated \float@addtolist interface .

LaTeX Font Info:    Try loading font information for T2A+pcr on input line 110.

LaTeX Font Info:    No file T2Apcr.fd. on input line 110.

LaTeX Font Warning: Font shape `T2A/pcr/m/n' undefined
(Font)              using `T2A/cmr/m/n' instead on input line 110.


LaTeX Warning: Reference `sec:Command-line-encoder/decoder' on page 7 undefined
 on input line 165.


LaTeX Warning: Reference `sec:Feature-description' on page 7 undefined on input
 line 172.


LaTeX Warning: Reference `sec:Command-line-encoder/decoder' on page 7 undefined
 on input line 174.


LaTeX Warning: Reference `sec:Programming-with-Speex' on page 7 undefined on in
put line 176.


LaTeX Warning: Reference `sec:Formats-and-standards' on page 7 undefined on inp
ut line 178.

[7]

LaTeX Warning: Reference `sec:Introduction-to-CELP' on page 8 undefined on inpu
t line 185.


LaTeX Warning: Reference `sec:Speex-narrowband-mode' on page 8 undefined on inp
ut line 186.


LaTeX Warning: Reference `sec:Speex-wideband-mode' on page 8 undefined on input
 line 187.

[8]
{\cyrillictext \CYRG \cyrl \cyra \cyrv \cyra } 2.
[9


] [10]
File: echo_path.eps Graphic file (type eps)
 <echo_path.eps>

LaTeX Warning: Reference `fig:Integration-VoIP' on page 11 undefined on input l
ine 424.

[11]
File: components.eps Graphic file (type eps)
 <components.eps> [12]
{\cyrillictext \CYRG \cyrl \cyra \cyrv \cyra } 3.
[13


] (/usr/share/texlive/texmf-dist/tex/latex/ucs/utf8x.def
File: utf8x.def 2004/10/17 UCS: Input encoding UTF-8
)
(/usr/share/texlive/texmf-dist/tex/latex/ucs/utf8x.def
File: utf8x.def 2004/10/17 UCS: Input encoding UTF-8
)
(/usr/share/texlive/texmf-dist/tex/latex/ucs/utf8x.def
File: utf8x.def 2004/10/17 UCS: Input encoding UTF-8
)
(/usr/share/texlive/texmf-dist/tex/latex/ucs/utf8x.def
File: utf8x.def 2004/10/17 UCS: Input encoding UTF-8
)
(/usr/share/texlive/texmf-dist/tex/latex/ucs/utf8x.def
File: utf8x.def 2004/10/17 UCS: Input encoding UTF-8
)
(/usr/share/texlive/texmf-dist/tex/latex/ucs/utf8x.def
File: utf8x.def 2004/10/17 UCS: Input encoding UTF-8
)
(/usr/share/texlive/texmf-dist/tex/latex/ucs/utf8x.def
File: utf8x.def 2004/10/17 UCS: Input encoding UTF-8
) [14] [15] [16


]
{\cyrillictext \CYRG \cyrl \cyra \cyrv \cyra } 4.
[17] [18]
{\cyrillictext \CYRG \cyrl \cyra \cyrv \cyra } 5.

LaTeX Warning: Reference `sec:Sample-code' on page 19 undefined on input line 7
22.

\openout4 = `manual.pyg'.

runsystem(pygmentize -l c -f latex -F tokenmerge             -P "verboptions= ,
fontsize=\footnotesize " -o manual.out.pyg manual.pyg)...executed.

(./manual.out.pyg

LaTeX Font Warning: Font shape `T2A/pcr/m/it' undefined
(Font)              using `T2A/pcr/m/n' instead on input line 2.

)
runsystem(rm manual.out.pyg)...executed.

runsystem(rm manual.pyg)...executed.

\openout4 = `manual.pyg'.

runsystem(pygmentize -l c -f latex -F tokenmerge             -P "verboptions= ,
fontsize=\footnotesize " -o manual.out.pyg manual.pyg)...executed.

 (./manual.out.pyg

LaTeX Font Warning: Font shape `T2A/pcr/bx/n' undefined
(Font)              using `T2A/pcr/m/n' instead on input line 3.

)
runsystem(rm manual.out.pyg)...executed.

runsystem(rm manual.pyg)...executed.

\openout4 = `manual.pyg'.

runsystem(pygmentize -l c -f latex -F tokenmerge             -P "verboptions= ,
fontsize=\footnotesize " -o manual.out.pyg manual.pyg)...executed.

 (./manual.out.pyg)
runsystem(rm manual.out.pyg)...executed.

runsystem(rm manual.pyg)...executed.

\openout4 = `manual.pyg'.

runsystem(pygmentize -l c -f latex -F tokenmerge             -P "verboptions= ,
fontsize=\footnotesize " -o manual.out.pyg manual.pyg)...executed.

 (./manual.out.pyg)
runsystem(rm manual.out.pyg)...executed.

runsystem(rm manual.pyg)...executed.

\openout4 = `manual.pyg'.

runsystem(pygmentize -l c -f latex -F tokenmerge             -P "verboptions= ,
fontsize=\footnotesize " -o manual.out.pyg manual.pyg)...executed.

 (./manual.out.pyg)
runsystem(rm manual.out.pyg)...executed.

runsystem(rm manual.pyg)...executed.



LaTeX Warning: Reference `cap:quality_vs_bps' on page 19 undefined on input lin
e 775.

\openout4 = `manual.pyg'.

runsystem(pygmentize -l c -f latex -F tokenmerge             -P "verboptions= ,
fontsize=\footnotesize " -o manual.out.pyg manual.pyg)...executed.

(./manual.out.pyg)
runsystem(rm manual.out.pyg)...executed.

runsystem(rm manual.pyg)...executed.

\openout4 = `manual.pyg'.

runsystem(pygmentize -l c -f latex -F tokenmerge             -P "verboptions= ,
fontsize=\footnotesize " -o manual.out.pyg manual.pyg)...executed.

 (./manual.out.pyg [19


])
runsystem(rm manual.out.pyg)...executed.

runsystem(rm manual.pyg)...executed.

\openout4 = `manual.pyg'.

runsystem(pygmentize -l c -f latex -F tokenmerge             -P "verboptions= ,
fontsize=\footnotesize " -o manual.out.pyg manual.pyg)...executed.

 (./manual.out.pyg)
runsystem(rm manual.out.pyg)...executed.

runsystem(rm manual.pyg)...executed.

\openout4 = `manual.pyg'.

runsystem(pygmentize -l c -f latex -F tokenmerge             -P "verboptions= ,
fontsize=\footnotesize " -o manual.out.pyg manual.pyg)...executed.

 (./manual.out.pyg)
runsystem(rm manual.out.pyg)...executed.

runsystem(rm manual.pyg)...executed.

\openout4 = `manual.pyg'.

runsystem(pygmentize -l c -f latex -F tokenmerge             -P "verboptions= ,
fontsize=\footnotesize " -o manual.out.pyg manual.pyg)...executed.

 (./manual.out.pyg)
runsystem(rm manual.out.pyg)...executed.

runsystem(rm manual.pyg)...executed.

\openout4 = `manual.pyg'.

runsystem(pygmentize -l c -f latex -F tokenmerge             -P "verboptions= ,
fontsize=\footnotesize " -o manual.out.pyg manual.pyg)...executed.

 (./manual.out.pyg)
runsystem(rm manual.out.pyg)...executed.

runsystem(rm manual.pyg)...executed.

\openout4 = `manual.pyg'.

runsystem(pygmentize -l c -f latex -F tokenmerge             -P "verboptions= ,
fontsize=\footnotesize " -o manual.out.pyg manual.pyg)...executed.

 (./manual.out.pyg)
runsystem(rm manual.out.pyg)...executed.

runsystem(rm manual.pyg)...executed.

\openout4 = `manual.pyg'.

runsystem(pygmentize -l c -f latex -F tokenmerge             -P "verboptions= ,
fontsize=\footnotesize " -o manual.out.pyg manual.pyg)...executed.

 (./manual.out.pyg)
runsystem(rm manual.out.pyg)...executed.

runsystem(rm manual.pyg)...executed.

\openout4 = `manual.pyg'.

runsystem(pygmentize -l c -f latex -F tokenmerge             -P "verboptions= ,
fontsize=\footnotesize " -o manual.out.pyg manual.pyg)...executed.


(./manual.out.pyg)
runsystem(rm manual.out.pyg)...executed.

runsystem(rm manual.pyg)...executed.

\openout4 = `manual.pyg'.

runsystem(pygmentize -l c -f latex -F tokenmerge             -P "verboptions= ,
fontsize=\footnotesize " -o manual.out.pyg manual.pyg)...executed.

 (./manual.out.pyg)
runsystem(rm manual.out.pyg)...executed.

runsystem(rm manual.pyg)...executed.

\openout4 = `manual.pyg'.

runsystem(pygmentize -l c -f latex -F tokenmerge             -P "verboptions= ,
fontsize=\footnotesize " -o manual.out.pyg manual.pyg)...executed.

 (./manual.out.pyg)
runsystem(rm manual.out.pyg)...executed.

runsystem(rm manual.pyg)...executed.

 [20]
(/usr/share/texlive/texmf-dist/tex/latex/ucs/utf8x.def
File: utf8x.def 2004/10/17 UCS: Input encoding UTF-8
)
LaTeX Font Info:    Font shape `OMS/cmr/m/n' in size <11> not available
(Font)              Font shape `OMS/cmsy/m/n' tried instead on input line 926.

(/usr/share/texlive/texmf-dist/tex/latex/ucs/utf8x.def
File: utf8x.def 2004/10/17 UCS: Input encoding UTF-8
)
(/usr/share/texlive/texmf-dist/tex/latex/ucs/utf8x.def
File: utf8x.def 2004/10/17 UCS: Input encoding UTF-8
)
(/usr/share/texlive/texmf-dist/tex/latex/ucs/utf8x.def
File: utf8x.def 2004/10/17 UCS: Input encoding UTF-8
)
(/usr/share/texlive/texmf-dist/tex/latex/ucs/utf8x.def
File: utf8x.def 2004/10/17 UCS: Input encoding UTF-8
)
(/usr/share/texlive/texmf-dist/tex/latex/ucs/utf8x.def
File: utf8x.def 2004/10/17 UCS: Input encoding UTF-8
)
(/usr/share/texlive/texmf-dist/tex/latex/ucs/utf8x.def
File: utf8x.def 2004/10/17 UCS: Input encoding UTF-8
)
(/usr/share/texlive/texmf-dist/tex/latex/ucs/utf8x.def
File: utf8x.def 2004/10/17 UCS: Input encoding UTF-8
)
(/usr/share/texlive/texmf-dist/tex/latex/ucs/utf8x.def
File: utf8x.def 2004/10/17 UCS: Input encoding UTF-8
)
(/usr/share/texlive/texmf-dist/tex/latex/ucs/utf8x.def
File: utf8x.def 2004/10/17 UCS: Input encoding UTF-8
)
(/usr/share/texlive/texmf-dist/tex/latex/ucs/utf8x.def
File: utf8x.def 2004/10/17 UCS: Input encoding UTF-8
)
(/usr/share/texlive/texmf-dist/tex/latex/ucs/utf8x.def
File: utf8x.def 2004/10/17 UCS: Input encoding UTF-8
)
(/usr/share/texlive/texmf-dist/tex/latex/ucs/utf8x.def
File: utf8x.def 2004/10/17 UCS: Input encoding UTF-8
)
(/usr/share/texlive/texmf-dist/tex/latex/ucs/utf8x.def
File: utf8x.def 2004/10/17 UCS: Input encoding UTF-8
)
(/usr/share/texlive/texmf-dist/tex/latex/ucs/utf8x.def
File: utf8x.def 2004/10/17 UCS: Input encoding UTF-8
)
(/usr/share/texlive/texmf-dist/tex/latex/ucs/utf8x.def
File: utf8x.def 2004/10/17 UCS: Input encoding UTF-8
)
(/usr/share/texlive/texmf-dist/tex/latex/ucs/utf8x.def
File: utf8x.def 2004/10/17 UCS: Input encoding UTF-8
)
(/usr/share/texlive/texmf-dist/tex/latex/ucs/utf8x.def
File: utf8x.def 2004/10/17 UCS: Input encoding UTF-8
)
(/usr/share/texlive/texmf-dist/tex/latex/ucs/utf8x.def
File: utf8x.def 2004/10/17 UCS: Input encoding UTF-8
)
(/usr/share/texlive/texmf-dist/tex/latex/ucs/utf8x.def
File: utf8x.def 2004/10/17 UCS: Input encoding UTF-8
)
(/usr/share/texlive/texmf-dist/tex/latex/ucs/utf8x.def
File: utf8x.def 2004/10/17 UCS: Input encoding UTF-8
)
(/usr/share/texlive/texmf-dist/tex/latex/ucs/utf8x.def
File: utf8x.def 2004/10/17 UCS: Input encoding UTF-8
)
(/usr/share/texlive/texmf-dist/tex/latex/ucs/utf8x.def
File: utf8x.def 2004/10/17 UCS: Input encoding UTF-8
)
(/usr/share/texlive/texmf-dist/tex/latex/ucs/utf8x.def
File: utf8x.def 2004/10/17 UCS: Input encoding UTF-8
)
(/usr/share/texlive/texmf-dist/tex/latex/ucs/utf8x.def
File: utf8x.def 2004/10/17 UCS: Input encoding UTF-8
) [21]
(/usr/share/texlive/texmf-dist/tex/latex/ucs/utf8x.def
File: utf8x.def 2004/10/17 UCS: Input encoding UTF-8
)
(/usr/share/texlive/texmf-dist/tex/latex/ucs/utf8x.def
File: utf8x.def 2004/10/17 UCS: Input encoding UTF-8
)
(/usr/share/texlive/texmf-dist/tex/latex/ucs/utf8x.def
File: utf8x.def 2004/10/17 UCS: Input encoding UTF-8
)
(/usr/share/texlive/texmf-dist/tex/latex/ucs/utf8x.def
File: utf8x.def 2004/10/17 UCS: Input encoding UTF-8
)
(/usr/share/texlive/texmf-dist/tex/latex/ucs/utf8x.def
File: utf8x.def 2004/10/17 UCS: Input encoding UTF-8
)
(/usr/share/texlive/texmf-dist/tex/latex/ucs/utf8x.def
File: utf8x.def 2004/10/17 UCS: Input encoding UTF-8
)
\openout4 = `manual.pyg'.

runsystem(pygmentize -l c -f latex -F tokenmerge             -P "verboptions= ,
fontsize=\footnotesize " -o manual.out.pyg manual.pyg)...executed.

 (./manual.out.pyg)
runsystem(rm manual.out.pyg)...executed.

runsystem(rm manual.pyg)...executed.



LaTeX Warning: Reference `cap:quality_vs_bps' on page 22 undefined on input lin
e 1044.


LaTeX Warning: Reference `cap:In-band-signalling-codes' on page 22 undefined on
 input line 1053.


Overfull \hbox (111.34761pt too wide) in paragraph at lines 1061--1102
 [] 
 []

[22] [23] [24


]
{\cyrillictext \CYRG \cyrl \cyra \cyrv \cyra } 6.
\openout4 = `manual.pyg'.

runsystem(pygmentize -l c -f latex -F tokenmerge             -P "verboptions= ,
fontsize=\footnotesize " -o manual.out.pyg manual.pyg)...executed.

(./manual.out.pyg)
runsystem(rm manual.out.pyg)...executed.

runsystem(rm manual.pyg)...executed.

\openout4 = `manual.pyg'.

runsystem(pygmentize -l c -f latex -F tokenmerge             -P "verboptions= ,
fontsize=\footnotesize " -o manual.out.pyg manual.pyg)...executed.

 (./manual.out.pyg)
runsystem(rm manual.out.pyg)...executed.

runsystem(rm manual.pyg)...executed.

\openout4 = `manual.pyg'.

runsystem(pygmentize -l c -f latex -F tokenmerge             -P "verboptions= ,
fontsize=\footnotesize " -o manual.out.pyg manual.pyg)...executed.

 (./manual.out.pyg)
runsystem(rm manual.out.pyg)...executed.

runsystem(rm manual.pyg)...executed.

\openout4 = `manual.pyg'.

runsystem(pygmentize -l c -f latex -F tokenmerge             -P "verboptions= ,
fontsize=\footnotesize " -o manual.out.pyg manual.pyg)...executed.

 (./manual.out.pyg)
runsystem(rm manual.out.pyg)...executed.

runsystem(rm manual.pyg)...executed.

\openout4 = `manual.pyg'.

runsystem(pygmentize -l c -f latex -F tokenmerge             -P "verboptions= ,
fontsize=\footnotesize " -o manual.out.pyg manual.pyg)...executed.


(./manual.out.pyg)
runsystem(rm manual.out.pyg)...executed.

runsystem(rm manual.pyg)...executed.



LaTeX Warning: Reference `sub:Preprocessor-options' on page 25 undefined on inp
ut line 1180.

\openout4 = `manual.pyg'.

runsystem(pygmentize -l c -f latex -F tokenmerge             -P "verboptions= ,
fontsize=\footnotesize " -o manual.out.pyg manual.pyg)...executed.

(./manual.out.pyg)
runsystem(rm manual.out.pyg)...executed.

runsystem(rm manual.pyg)...executed.

 (/usr/share/texlive/texmf-dist/tex/latex/ucs/utf8x.def
File: utf8x.def 2004/10/17 UCS: Input encoding UTF-8
)
(/usr/share/texlive/texmf-dist/tex/latex/ucs/utf8x.def
File: utf8x.def 2004/10/17 UCS: Input encoding UTF-8
)
Overfull \hbox (2.67624pt too wide) in paragraph at lines 1199--1201
[]\T2A/pcr/m/n/10 Возвращает со-сто-я-ние устрой-ства шу-мо-по-дав-ле-ния ([][]
[]) 
 []

(/usr/share/texlive/texmf-dist/tex/latex/ucs/utf8x.def
File: utf8x.def 2004/10/17 UCS: Input encoding UTF-8
)
Overfull \hbox (7.54594pt too wide) in paragraph at lines 1201--1203
[]\T2A/pcr/m/n/10 Включает ав-то-ма-ти-че-скую ре-гу-ли-ров-ку уси-ле-ния (AGC)
, (1) что-бы вклю-
 []

(/usr/share/texlive/texmf-dist/tex/latex/ucs/utf8x.def
File: utf8x.def 2004/10/17 UCS: Input encoding UTF-8
)
(/usr/share/texlive/texmf-dist/tex/latex/ucs/utf8x.def
File: utf8x.def 2004/10/17 UCS: Input encoding UTF-8
)
(/usr/share/texlive/texmf-dist/tex/latex/ucs/utf8x.def
File: utf8x.def 2004/10/17 UCS: Input encoding UTF-8
) [25]
(/usr/share/texlive/texmf-dist/tex/latex/ucs/utf8x.def
File: utf8x.def 2004/10/17 UCS: Input encoding UTF-8
)
(/usr/share/texlive/texmf-dist/tex/latex/ucs/utf8x.def
File: utf8x.def 2004/10/17 UCS: Input encoding UTF-8
)
(/usr/share/texlive/texmf-dist/tex/latex/ucs/utf8x.def
File: utf8x.def 2004/10/17 UCS: Input encoding UTF-8
)
(/usr/share/texlive/texmf-dist/tex/latex/ucs/utf8x.def
File: utf8x.def 2004/10/17 UCS: Input encoding UTF-8
)
(/usr/share/texlive/texmf-dist/tex/latex/ucs/utf8x.def
File: utf8x.def 2004/10/17 UCS: Input encoding UTF-8
)
(/usr/share/texlive/texmf-dist/tex/latex/ucs/utf8x.def
File: utf8x.def 2004/10/17 UCS: Input encoding UTF-8
)
(/usr/share/texlive/texmf-dist/tex/latex/ucs/utf8x.def
File: utf8x.def 2004/10/17 UCS: Input encoding UTF-8
)
(/usr/share/texlive/texmf-dist/tex/latex/ucs/utf8x.def
File: utf8x.def 2004/10/17 UCS: Input encoding UTF-8
)
\openout4 = `manual.pyg'.

runsystem(pygmentize -l c -f latex -F tokenmerge             -P "verboptions= ,
fontsize=\footnotesize " -o manual.out.pyg manual.pyg)...executed.

 (./manual.out.pyg)
runsystem(rm manual.out.pyg)...executed.

runsystem(rm manual.pyg)...executed.

\openout4 = `manual.pyg'.

runsystem(pygmentize -l c -f latex -F tokenmerge             -P "verboptions= ,
fontsize=\footnotesize " -o manual.out.pyg manual.pyg)...executed.


(./manual.out.pyg)
runsystem(rm manual.out.pyg)...executed.

runsystem(rm manual.pyg)...executed.


Overfull \hbox (3.40907pt too wide) in paragraph at lines 1266--1277
[]\T2A/pcr/m/n/10 где frame_size это ко-ли-че-ство дан-ных (в вы-бор-ках), ко-т
о-рые необ-хо-ди-мо вам об-ра-бо-тать сра-зу, и filter_length
 []

[26]
\openout4 = `manual.pyg'.

runsystem(pygmentize -l c -f latex -F tokenmerge             -P "verboptions= ,
fontsize=\footnotesize " -o manual.out.pyg manual.pyg)...executed.

 (./manual.out.pyg)
runsystem(rm manual.out.pyg)...executed.

runsystem(rm manual.pyg)...executed.

\openout4 = `manual.pyg'.

runsystem(pygmentize -l c -f latex -F tokenmerge             -P "verboptions= ,
fontsize=\footnotesize " -o manual.out.pyg manual.pyg)...executed.

 (./manual.out.pyg)
runsystem(rm manual.out.pyg)...executed.

runsystem(rm manual.pyg)...executed.



LaTeX Warning: Reference `sub:Preprocessor' on page 27 undefined on input line 
1310.

\openout4 = `manual.pyg'.

runsystem(pygmentize -l c -f latex -F tokenmerge             -P "verboptions= ,
fontsize=\footnotesize " -o manual.out.pyg manual.pyg)...executed.

(./manual.out.pyg)
runsystem(rm manual.out.pyg)...executed.

runsystem(rm manual.pyg)...executed.

\openout4 = `manual.pyg'.

runsystem(pygmentize -l c -f latex -F tokenmerge             -P "verboptions= ,
fontsize=\footnotesize " -o manual.out.pyg manual.pyg)...executed.

 (./manual.out.pyg)
runsystem(rm manual.out.pyg)...executed.

runsystem(rm manual.pyg)...executed.

\openout4 = `manual.pyg'.

runsystem(pygmentize -l c -f latex -F tokenmerge             -P "verboptions= ,
fontsize=\footnotesize " -o manual.out.pyg manual.pyg)...executed.

 (./manual.out.pyg)
runsystem(rm manual.out.pyg)...executed.

runsystem(rm manual.pyg)...executed.


Overfull \hbox (11.29112pt too wide) in paragraph at lines 1341--1349
\T2A/pcr/m/n/10 кадр, та-ким об-ра-зом, этим мож-но вос-поль-зо-вать-ся, вы-зва
в \T2A/cmr/m/it/10 speex_echo_capture() \T2A/pcr/m/n/10 для вы-зо-ва \T2A/cmr/m
/it/10 speex_echo_cancel()\T2A/pcr/m/n/10 .
 []

\openout4 = `manual.pyg'.

runsystem(pygmentize -l c -f latex -F tokenmerge             -P "verboptions= ,
fontsize=\footnotesize " -o manual.out.pyg manual.pyg)...executed.

(./manual.out.pyg)
runsystem(rm manual.out.pyg)...executed.

runsystem(rm manual.pyg)...executed.

\openout4 = `manual.pyg'.

runsystem(pygmentize -l c -f latex -F tokenmerge             -P "verboptions= ,
fontsize=\footnotesize " -o manual.out.pyg manual.pyg)...executed.

 (./manual.out.pyg)
runsystem(rm manual.out.pyg)...executed.

runsystem(rm manual.pyg)...executed.

 [27]
\openout4 = `manual.pyg'.

runsystem(pygmentize -l c -f latex -F tokenmerge             -P "verboptions= ,
fontsize=\footnotesize " -o manual.out.pyg manual.pyg)...executed.

 (./manual.out.pyg)
runsystem(rm manual.out.pyg)...executed.

runsystem(rm manual.pyg)...executed.

\openout4 = `manual.pyg'.

runsystem(pygmentize -l c -f latex -F tokenmerge             -P "verboptions= ,
fontsize=\footnotesize " -o manual.out.pyg manual.pyg)...executed.

 (./manual.out.pyg)
runsystem(rm manual.out.pyg)...executed.

runsystem(rm manual.pyg)...executed.

\openout4 = `manual.pyg'.

runsystem(pygmentize -l c -f latex -F tokenmerge             -P "verboptions= ,
fontsize=\footnotesize " -o manual.out.pyg manual.pyg)...executed.

 (./manual.out.pyg)
runsystem(rm manual.out.pyg)...executed.

runsystem(rm manual.pyg)...executed.

 (/usr/share/texlive/texmf-dist/tex/latex/ucs/utf8x.def
File: utf8x.def 2004/10/17 UCS: Input encoding UTF-8
)
(/usr/share/texlive/texmf-dist/tex/latex/ucs/utf8x.def
File: utf8x.def 2004/10/17 UCS: Input encoding UTF-8
)
\openout4 = `manual.pyg'.

runsystem(pygmentize -l c -f latex -F tokenmerge             -P "verboptions= ,
fontsize=\footnotesize " -o manual.out.pyg manual.pyg)...executed.

 (./manual.out.pyg
[28])
runsystem(rm manual.out.pyg)...executed.

runsystem(rm manual.pyg)...executed.

\openout4 = `manual.pyg'.

runsystem(pygmentize -l c -f latex -F tokenmerge             -P "verboptions= ,
fontsize=\footnotesize " -o manual.out.pyg manual.pyg)...executed.

 (./manual.out.pyg)
runsystem(rm manual.out.pyg)...executed.

runsystem(rm manual.pyg)...executed.

\openout4 = `manual.pyg'.

runsystem(pygmentize -l c -f latex -F tokenmerge             -P "verboptions= ,
fontsize=\footnotesize " -o manual.out.pyg manual.pyg)...executed.

 (./manual.out.pyg)
runsystem(rm manual.out.pyg)...executed.

runsystem(rm manual.pyg)...executed.


(/usr/share/texlive/texmf-dist/tex/latex/ucs/utf8x.def
File: utf8x.def 2004/10/17 UCS: Input encoding UTF-8
)
(/usr/share/texlive/texmf-dist/tex/latex/ucs/utf8x.def
File: utf8x.def 2004/10/17 UCS: Input encoding UTF-8
)
\openout4 = `manual.pyg'.

runsystem(pygmentize -l c -f latex -F tokenmerge             -P "verboptions= ,
fontsize=\footnotesize " -o manual.out.pyg manual.pyg)...executed.

 (./manual.out.pyg)
runsystem(rm manual.out.pyg)...executed.

runsystem(rm manual.pyg)...executed.

\openout4 = `manual.pyg'.

runsystem(pygmentize -l c -f latex -F tokenmerge             -P "verboptions= ,
fontsize=\footnotesize " -o manual.out.pyg manual.pyg)...executed.


(./manual.out.pyg)
runsystem(rm manual.out.pyg)...executed.

runsystem(rm manual.pyg)...executed.

 (/usr/share/texlive/texmf-dist/tex/latex/ucs/utf8x.def
File: utf8x.def 2004/10/17 UCS: Input encoding UTF-8
)
(/usr/share/texlive/texmf-dist/tex/latex/ucs/utf8x.def
File: utf8x.def 2004/10/17 UCS: Input encoding UTF-8
)
(/usr/share/texlive/texmf-dist/tex/latex/ucs/utf8x.def
File: utf8x.def 2004/10/17 UCS: Input encoding UTF-8
)
\openout4 = `manual.pyg'.

runsystem(pygmentize -l c -f latex -F tokenmerge             -P "verboptions= ,
fontsize=\footnotesize " -o manual.out.pyg manual.pyg)...executed.

 (./manual.out.pyg)
runsystem(rm manual.out.pyg)...executed.

runsystem(rm manual.pyg)...executed.

\openout4 = `manual.pyg'.

runsystem(pygmentize -l c -f latex -F tokenmerge             -P "verboptions= ,
fontsize=\footnotesize " -o manual.out.pyg manual.pyg)...executed.


(./manual.out.pyg)
runsystem(rm manual.out.pyg)...executed.

runsystem(rm manual.pyg)...executed.

 (/usr/share/texlive/texmf-dist/tex/latex/ucs/utf8x.def
File: utf8x.def 2004/10/17 UCS: Input encoding UTF-8
)
(/usr/share/texlive/texmf-dist/tex/latex/ucs/utf8x.def
File: utf8x.def 2004/10/17 UCS: Input encoding UTF-8
)
(/usr/share/texlive/texmf-dist/tex/latex/ucs/utf8x.def
File: utf8x.def 2004/10/17 UCS: Input encoding UTF-8
)
(/usr/share/texlive/texmf-dist/tex/latex/ucs/utf8x.def
File: utf8x.def 2004/10/17 UCS: Input encoding UTF-8
)
\openout4 = `manual.pyg'.

runsystem(pygmentize -l c -f latex -F tokenmerge             -P "verboptions= ,
fontsize=\footnotesize " -o manual.out.pyg manual.pyg)...executed.

 (./manual.out.pyg)
runsystem(rm manual.out.pyg)...executed.

runsystem(rm manual.pyg)...executed.


(/usr/share/texlive/texmf-dist/tex/latex/ucs/utf8x.def
File: utf8x.def 2004/10/17 UCS: Input encoding UTF-8
)
(/usr/share/texlive/texmf-dist/tex/latex/ucs/utf8x.def
File: utf8x.def 2004/10/17 UCS: Input encoding UTF-8
)
(/usr/share/texlive/texmf-dist/tex/latex/ucs/utf8x.def
File: utf8x.def 2004/10/17 UCS: Input encoding UTF-8
)
(/usr/share/texlive/texmf-dist/tex/latex/ucs/utf8x.def
File: utf8x.def 2004/10/17 UCS: Input encoding UTF-8
)
(/usr/share/texlive/texmf-dist/tex/latex/ucs/utf8x.def
File: utf8x.def 2004/10/17 UCS: Input encoding UTF-8
) [29]
(/usr/share/texlive/texmf-dist/tex/latex/ucs/utf8x.def
File: utf8x.def 2004/10/17 UCS: Input encoding UTF-8
)
(/usr/share/texlive/texmf-dist/tex/latex/ucs/utf8x.def
File: utf8x.def 2004/10/17 UCS: Input encoding UTF-8
)
(/usr/share/texlive/texmf-dist/tex/latex/ucs/utf8x.def
File: utf8x.def 2004/10/17 UCS: Input encoding UTF-8
)
(/usr/share/texlive/texmf-dist/tex/latex/ucs/utf8x.def
File: utf8x.def 2004/10/17 UCS: Input encoding UTF-8
)
Overfull \hbox (109.02145pt too wide) in paragraph at lines 1585--1591
\T2A/pcr/m/n/10 оши-бок. Это мо-жет быть ре-а-ли-зо-ва-но при по-мо-щи вы-зо-ва
 функ-ций [][][][] и [][][][].
 []

(/usr/share/texlive/texmf-dist/tex/latex/ucs/utf8x.def
File: utf8x.def 2004/10/17 UCS: Input encoding UTF-8
)
(/usr/share/texlive/texmf-dist/tex/latex/ucs/utf8x.def
File: utf8x.def 2004/10/17 UCS: Input encoding UTF-8
)
(/usr/share/texlive/texmf-dist/tex/latex/ucs/utf8x.def
File: utf8x.def 2004/10/17 UCS: Input encoding UTF-8
)
(/usr/share/texlive/texmf-dist/tex/latex/ucs/utf8x.def
File: utf8x.def 2004/10/17 UCS: Input encoding UTF-8
) [30]
{\cyrillictext \CYRG \cyrl \cyra \cyrv \cyra } 7.

LaTeX Warning: Reference `sec:IETF-draft' on page 31 undefined on input line 16
46.


LaTeX Warning: Reference `cap:ogg_speex_header' on page 31 undefined on input l
ine 1662.


Overfull \hbox (5.70903pt too wide) in paragraph at lines 1671--1674
\T2A/pcr/m/n/10 Vorbis, опи-сан-ный здесь: http://www.xiph.org/ogg/vorbis/doc/v
-comment.html . Дан-ный па-кет име-ет packetno=1
 []

[31


] [32]
{\cyrillictext \CYRG \cyrl \cyra \cyrv \cyra } 8.

LaTeX Warning: Reference `sec:Speex-narrowband-mode' on page 33 undefined on in
put line 1737.


LaTeX Warning: Reference `fig:The-CELP-model' on page 33 undefined on input lin
e 1772.

File: celp_decoder.eps Graphic file (type eps)
<celp_decoder.eps> [33



] [34]

LaTeX Warning: Reference `cap:Standard-noise-shaping' on page 35 undefined on i
nput line 1912.


LaTeX Warning: Reference `eq:gamma-weighting' on page 35 undefined on input lin
e 1913.

File: ref_shaping.eps Graphic file (type eps)
<ref_shaping.eps> [35] [36]
{\cyrillictext \CYRG \cyrl \cyra \cyrv \cyra } 9.

LaTeX Warning: Reference `cap:Frame-open-loop-analysis' on page 37 undefined on
 input line 1970.

File: speex_analysis.eps Graphic file (type eps)
<speex_analysis.eps>
File: speex_abs.eps Graphic file (type eps)
 <speex_abs.eps>

LaTeX Warning: Reference `cap:Sub-frame-AbS' on page 37 undefined on input line
 2007.

[37


] [38]

LaTeX Warning: Reference `cap:quality_vs_bps' on page 39 undefined on input lin
e 2058.


Overfull \hbox (119.10158pt too wide) in paragraph at lines 2070--2107
 [] 
 []

[39] [40]
{\cyrillictext \CYRG \cyrl \cyra \cyrv \cyra } 10.

LaTeX Warning: Reference `sec:Speex-narrowband-mode' on page 41 undefined on in
put line 2142.


LaTeX Warning: Reference `cap:bits-wideband' on page 41 undefined on input line
 2180.


LaTeX Warning: Reference `tab:wideband-quality' on page 41 undefined on input l
ine 2182.


LaTeX Warning: `h' float specifier changed to `ht'.


LaTeX Warning: `h' float specifier changed to `ht'.

[41


] [42]
{\cyrillictext \CYRP \cyrr \cyri \cyrl \cyro \cyrzh \cyre \cyrn \cyri \cyre } A
.
(/usr/share/texlive/texmf-dist/tex/latex/ucs/utf8x.def
File: utf8x.def 2004/10/17 UCS: Input encoding UTF-8
) (./sampleenc.c [43




])
(/usr/share/texlive/texmf-dist/tex/latex/ucs/utf8x.def
File: utf8x.def 2004/10/17 UCS: Input encoding UTF-8
) (./sampledec.c [44]
Overfull \hbox (88.16801pt too wide) in paragraph at lines 36--37
[][][][][][]\T2A/cmr/m/n/10.95 размерданных[][][][]закодированных[][][][][]этач
астьнавернякаможетотличатьсяввашемприложении 
 []

) [45] [46


]
{\cyrillictext \CYRP \cyrr \cyri \cyrl \cyro \cyrzh \cyre \cyrn \cyri \cyre } B
.
File: draft-ietf-avt-rtp-speex-05-tmp.txt  (verbatim)
[47]
Underfull \vbox (badness 10000) has occurred while \output is active []

 [48]
Underfull \vbox (badness 10000) has occurred while \output is active []

 [49]
Underfull \vbox (badness 10000) has occurred while \output is active []

 [50]
Underfull \vbox (badness 10000) has occurred while \output is active []

 [51]
Overfull \hbox (20.4999pt too wide) in paragraph at lines 2289--2289
[]       \T2A/pcr/m/n/10 +=+=+=+=+=+=+=+=+=+=+=+=+=+=+=+=+=+=+=+=+=+=+=+=+=+=+=
+=+=+=+=+=+[] 
 []


Underfull \vbox (badness 10000) has occurred while \output is active []

 [52]
Overfull \hbox (18.27821pt too wide) in paragraph at lines 2289--2289
[]      \T2A/pcr/m/n/10 +=+=+=+=+=+=+=+=+=+=+=+=+=+=+=+=+=+=+=+=+=+=+=+=+=+=+=+
=+=+=+=+=+[] 
 []


Underfull \vbox (badness 10000) has occurred while \output is active []

 [53]
Overfull \hbox (18.27821pt too wide) in paragraph at lines 2289--2289
[]      \T2A/pcr/m/n/10 +=+=+=+=+=+=+=+=+=+=+=+=+=+=+=+=+=+=+=+=+=+=+=+=+=+=+=+
=+=+=+=+=+[] 
 []


Underfull \vbox (badness 10000) has occurred while \output is active []

 [54]
Underfull \vbox (badness 10000) has occurred while \output is active []

 [55]
Underfull \vbox (badness 10000) has occurred while \output is active []

 [56]
Underfull \vbox (badness 10000) has occurred while \output is active []

 [57]
Underfull \vbox (badness 10000) has occurred while \output is active []

 [58]
Underfull \vbox (badness 10000) has occurred while \output is active []

 [59]
Underfull \vbox (badness 10000) has occurred while \output is active []

 [60]
Underfull \vbox (badness 10000) has occurred while \output is active []

 [61]
Underfull \vbox (badness 10000) has occurred while \output is active []

 [62]
Underfull \vbox (badness 10000) has occurred while \output is active []

 [63]
Underfull \vbox (badness 10000) has occurred while \output is active []

 [64]
Underfull \vbox (badness 10000) has occurred while \output is active []

 [65]
Underfull \vbox (badness 10000) has occurred while \output is active []

 [66]
Underfull \vbox (badness 10000) has occurred while \output is active []

 [67]
Underfull \vbox (badness 10000) has occurred while \output is active []

 [68]
Underfull \vbox (badness 10000) has occurred while \output is active []

 [69]
[70]
{\cyrillictext \CYRP \cyrr \cyri \cyrl \cyro \cyrzh \cyre \cyrn \cyri \cyre } C
.
No file ../COPYING.
[71


] [72


]
{\cyrillictext \CYRP \cyrr \cyri \cyrl \cyro \cyrzh \cyre \cyrn \cyri \cyre } D
.

Overfull \hbox (2.19882pt too wide) in paragraph at lines 2367--2379
[]\T2A/pcr/m/n/10 A "Transparent" copy of the Document means a machine-readable
 copy, represented in a format whose specification
 []

[73] [74] [75]
No file manual.ind.
[76] (./manual.aux)

LaTeX Font Warning: Some font shapes were not available, defaults substituted.


LaTeX Warning: There were undefined references.


LaTeX Warning: Label(s) may have changed. Rerun to get cross-references right.

 ) 
Here is how much of TeX's memory you used:
 8773 strings out of 494467
 128915 string characters out of 6172557
 259648 words of memory out of 5000000
 11570 multiletter control sequences out of 15000+600000
 26824 words of font info for 69 fonts, out of 8000000 for 9000
 452 hyphenation exceptions out of 8191
 46i,9n,45p,879b,1299s stack positions out of 5000i,500n,10000p,200000b,80000s

Output written on manual.dvi (76 pages, 309848 bytes).
