mktexpk --mfmode / --bdpi 600 --mag 1+0/600 --dpi 600 cmbx10
mktexpk --mfmode / --bdpi 600 --mag 1+0/600 --dpi 600 cmr10
mktextfm cmbx10
mktextfm cmr10
mktexpk --mfmode / --bdpi 600 --mag 1+0/600 --dpi 600 cmbx10
mktexpk --mfmode / --bdpi 600 --mag 1+0/600 --dpi 600 cmr10
mktextfm cmbx10
mktextfm cmr10
mktexpk --mfmode / --bdpi 600 --mag 1+0/600 --dpi 600 cmbx10
mktexpk --mfmode / --bdpi 600 --mag 1+0/600 --dpi 600 cmr10
mktextfm cmbx10
mktextfm cmr10
mktexpk --mfmode / --bdpi 600 --mag 1+0/600 --dpi 600 cmbx10
mktexpk --mfmode / --bdpi 600 --mag 1+0/600 --dpi 600 cmr10
mktextfm cmbx10
mktextfm cmr10
mktexpk --mfmode / --bdpi 600 --mag 1+0/600 --dpi 600 cmbx10
mktexpk --mfmode / --bdpi 600 --mag 1+0/600 --dpi 600 cmr10
mktextfm cmbx10
mktextfm cmr10
mktexpk --mfmode / --bdpi 600 --mag 1+0/600 --dpi 600 cmbx10
mktexpk --mfmode / --bdpi 600 --mag 1+0/600 --dpi 600 cmr10
mktextfm cmbx10
mktextfm cmr10
mktexpk --mfmode / --bdpi 600 --mag 1+0/600 --dpi 600 cmbx10
mktexpk --mfmode / --bdpi 600 --mag 1+0/600 --dpi 600 cmr10
mktextfm cmbx10
mktextfm cmr10
mktexpk --mfmode / --bdpi 600 --mag 1+0/600 --dpi 600 cmbx10
mktexpk --mfmode / --bdpi 600 --mag 1+0/600 --dpi 600 cmr10
mktextfm cmbx10
mktextfm cmr10
mktexpk --mfmode / --bdpi 600 --mag 1+0/600 --dpi 600 cmbx10
mktexpk --mfmode / --bdpi 600 --mag 1+0/600 --dpi 600 cmr10
mktextfm cmbx10
mktextfm cmr10
mktexpk --mfmode / --bdpi 600 --mag 1+0/600 --dpi 600 cmbx10
mktexpk --mfmode / --bdpi 600 --mag 1+0/600 --dpi 600 cmr10
mktextfm cmbx10
mktextfm cmr10
mktexpk --mfmode / --bdpi 600 --mag 1+0/600 --dpi 600 cmbx10
mktexpk --mfmode / --bdpi 600 --mag 1+0/600 --dpi 600 cmr10
mktextfm cmbx10
mktextfm cmr10
mktexpk --mfmode / --bdpi 600 --mag 1+0/600 --dpi 600 cmbx10
mktexpk --mfmode / --bdpi 600 --mag 1+0/600 --dpi 600 cmr10
mktextfm cmbx10
mktextfm cmr10
mktexpk --mfmode / --bdpi 600 --mag 1+0/600 --dpi 600 cmbx10
mktexpk --mfmode / --bdpi 600 --mag 1+0/600 --dpi 600 cmr10
mktextfm cmbx10
mktextfm cmr10
mktexpk --mfmode / --bdpi 600 --mag 1+0/600 --dpi 600 cmbx10
mktexpk --mfmode / --bdpi 600 --mag 1+0/600 --dpi 600 cmr10
mktextfm cmbx10
mktextfm cmr10
mktexpk --mfmode / --bdpi 600 --mag 1+0/600 --dpi 600 cmbx10
mktexpk --mfmode / --bdpi 600 --mag 1+0/600 --dpi 600 cmr10
mktextfm cmbx10
mktextfm cmr10
mktexpk --mfmode / --bdpi 600 --mag 1+0/600 --dpi 600 cmbx10
mktexpk --mfmode / --bdpi 600 --mag 1+0/600 --dpi 600 cmr10
mktextfm cmbx10
mktextfm cmr10
mktexpk --mfmode / --bdpi 600 --mag 1+0/600 --dpi 600 cmbx10
mktexpk --mfmode / --bdpi 600 --mag 1+0/600 --dpi 600 cmr10
mktextfm cmbx10
mktextfm cmr10
mktexpk --mfmode / --bdpi 600 --mag 1+0/600 --dpi 600 cmbx10
mktexpk --mfmode / --bdpi 600 --mag 1+0/600 --dpi 600 cmr10
mktextfm cmbx10
mktextfm cmr10
mktexpk --mfmode / --bdpi 600 --mag 1+0/600 --dpi 600 cmbx10
mktexpk --mfmode / --bdpi 600 --mag 1+0/600 --dpi 600 cmr10
mktextfm cmbx10
mktextfm cmr10
mktexpk --mfmode / --bdpi 600 --mag 1+0/600 --dpi 600 cmbx10
mktexpk --mfmode / --bdpi 600 --mag 1+0/600 --dpi 600 cmr10
mktextfm cmbx10
mktextfm cmr10
mktexpk --mfmode / --bdpi 600 --mag 1+0/600 --dpi 600 cmbx10
mktexpk --mfmode / --bdpi 600 --mag 1+0/600 --dpi 600 cmr10
mktextfm cmbx10
mktextfm cmr10
mktexpk --mfmode / --bdpi 600 --mag 1+0/600 --dpi 600 cmbx10
mktexpk --mfmode / --bdpi 600 --mag 1+0/600 --dpi 600 cmr10
mktextfm cmbx10
mktextfm cmr10
mktexpk --mfmode / --bdpi 600 --mag 1+0/600 --dpi 600 cmbx10
mktexpk --mfmode / --bdpi 600 --mag 1+0/600 --dpi 600 cmr10
mktextfm cmbx10
mktextfm cmr10
mktexpk --mfmode / --bdpi 600 --mag 1+0/600 --dpi 600 cmbx10
mktexpk --mfmode / --bdpi 600 --mag 1+0/600 --dpi 600 cmr10
mktextfm cmbx10
mktextfm cmr10
mktexpk --mfmode / --bdpi 600 --mag 1+0/600 --dpi 600 cmbx10
mktexpk --mfmode / --bdpi 600 --mag 1+0/600 --dpi 600 cmr10
mktextfm cmbx10
mktextfm cmr10
mktexpk --mfmode / --bdpi 600 --mag 1+0/600 --dpi 600 cmbx10
mktexpk --mfmode / --bdpi 600 --mag 1+0/600 --dpi 600 cmr10
mktextfm cmbx10
mktextfm cmr10
mktexpk --mfmode / --bdpi 600 --mag 1+0/600 --dpi 600 cmbx10
mktexpk --mfmode / --bdpi 600 --mag 1+0/600 --dpi 600 cmr10
mktextfm cmbx10
mktextfm cmr10
mktexpk --mfmode / --bdpi 600 --mag 1+0/600 --dpi 600 cmbx10
mktexpk --mfmode / --bdpi 600 --mag 1+0/600 --dpi 600 cmr10
mktextfm cmbx10
mktextfm cmr10
mktexpk --mfmode / --bdpi 600 --mag 1+0/600 --dpi 600 cmbx10
mktexpk --mfmode / --bdpi 600 --mag 1+0/600 --dpi 600 cmr10
mktextfm cmbx10
mktextfm cmr10
mktexpk --mfmode / --bdpi 600 --mag 1+0/600 --dpi 600 cmbx10
mktexpk --mfmode / --bdpi 600 --mag 1+0/600 --dpi 600 cmr10
mktextfm cmbx10
mktextfm cmr10
mktexpk --mfmode / --bdpi 600 --mag 1+0/600 --dpi 600 cmbx10
mktexpk --mfmode / --bdpi 600 --mag 1+0/600 --dpi 600 cmr10
mktextfm cmbx10
mktextfm cmr10
mktexpk --mfmode / --bdpi 600 --mag 1+0/600 --dpi 600 cmbx10
mktexpk --mfmode / --bdpi 600 --mag 1+0/600 --dpi 600 cmr10
mktextfm cmbx10
mktextfm cmr10
mktexpk --mfmode / --bdpi 600 --mag 1+0/600 --dpi 600 cmbx10
mktexpk --mfmode / --bdpi 600 --mag 1+0/600 --dpi 600 cmr10
mktextfm cmbx10
mktextfm cmr10
mktexpk --mfmode / --bdpi 600 --mag 1+0/600 --dpi 600 cmbx10
mktexpk --mfmode / --bdpi 600 --mag 1+0/600 --dpi 600 cmr10
mktextfm cmbx10
mktextfm cmr10
mktexpk --mfmode / --bdpi 600 --mag 1+0/600 --dpi 600 cmbx10
mktexpk --mfmode / --bdpi 600 --mag 1+0/600 --dpi 600 cmr10
mktextfm cmbx10
mktextfm cmr10
mktexpk --mfmode / --bdpi 600 --mag 1+0/600 --dpi 600 cmbx10
mktexpk --mfmode / --bdpi 600 --mag 1+0/600 --dpi 600 laso2074
mktexpk --mfmode / --bdpi 600 --mag 1+0/600 --dpi 600 laso1440
mktexpk --mfmode / --bdpi 600 --mag 1+0/600 --dpi 600 larm0600
mktexpk --mfmode / --bdpi 600 --mag 1+0/600 --dpi 600 larm0800
mktexpk --mfmode / --bdpi 600 --mag 1+0/600 --dpi 600 larm0700
mktexpk --mfmode / --bdpi 600 --mag 1+0/600 --dpi 600 larm1095
mktexpk --mfmode / --bdpi 600 --mag 1+0/600 --dpi 600 lasx1200
mktexpk --mfmode / --bdpi 600 --mag 1+0/600 --dpi 600 labx1000
mktexpk --mfmode / --bdpi 600 --mag 1+0/600 --dpi 600 lasx1440
mktexpk --mfmode / --bdpi 600 --mag 1+0/600 --dpi 600 laso1000
mktexpk --mfmode / --bdpi 600 --mag 1+0/600 --dpi 600 lati1000
mktexpk --mfmode / --bdpi 600 --mag 1+0/600 --dpi 600 lasl1000
mktexpk --mfmode / --bdpi 600 --mag 1+0/600 --dpi 600 larm1440
mktexpk --mfmode / --bdpi 600 --mag 1+0/600 --dpi 600 lasx2074
mktexpk --mfmode / --bdpi 600 --mag 1+0/600 --dpi 600 lasx1000
mktexpk --mfmode / --bdpi 600 --mag 1+0/600 --dpi 600 larm1000
